<?xml version="1.0" encoding="UTF-8"?>
<!-- Generated by org.testng.reporters.JUnitReportReporter -->
<testsuite hostname="RyanRilleraAir" failures="0" tests="2" name="com.guru99.tests.test99GuruHomePage" time="1.484" errors="0" timestamp="21 Apr 2018 16:22:46 GMT">
  <testcase classname="com.guru99.tests.test99GuruHomePage" name="test_Home_Page_DashBoard_UserName" time="0.253"/>
  <testcase classname="com.guru99.tests.test99GuruHomePage" name="test_getItemsSeleniumDropDown" time="1.231"/>
</testsuite>
