<?xml version="1.0" encoding="UTF-8"?>
<!-- Generated by org.testng.reporters.JUnitReportReporter -->
<testsuite hostname="RyanRilleraAir" failures="0" tests="1" name="com.facebook.test.TestHomePage" time="7.970" errors="0" timestamp="14 Apr 2018 22:51:39 GMT">
  <testcase classname="com.facebook.test.TestHomePage" name="testUserSignup" time="7.970"/>
</testsuite>
